2025-05-09 20:17:05 error: uncaughtException: Access denied for user 'appsyncusr'@'localhost' (using password: YES)
Error: Access denied for user 'appsyncusr'@'localhost' (using password: YES)
    at Packet.asError (/Users/asadjalil/Documents/Office Work/Clients/Raquel De Lavandeyra/Event_Dashboard/node_modules/mysql2/lib/packets/packet.js:740:17)
    at ClientHandshake.execute (/Users/asadjalil/Documents/Office Work/Clients/Raquel De Lavandeyra/Event_Dashboard/node_modules/mysql2/lib/commands/command.js:29:26)
    at PoolConnection.handlePacket (/Users/asadjalil/Documents/Office Work/Clients/Raquel De Lavandeyra/Event_Dashboard/node_modules/mysql2/lib/base/connection.js:475:34)
    at PacketParser.onPacket (/Users/asadjalil/Documents/Office Work/Clients/Raquel De Lavandeyra/Event_Dashboard/node_modules/mysql2/lib/base/connection.js:93:12)
    at PacketParser.executeStart (/Users/asadjalil/Documents/Office Work/Clients/Raquel De Lavandeyra/Event_Dashboard/node_modules/mysql2/lib/packet_parser.js:75:16)
    at Socket.<anonymous> (/Users/asadjalil/Documents/Office Work/Clients/Raquel De Lavandeyra/Event_Dashboard/node_modules/mysql2/lib/base/connection.js:100:25)
    at Socket.emit (node:events:517:28)
    at addChunk (node:internal/streams/readable:335:12)
    at readableAddChunk (node:internal/streams/readable:308:9)
    at Readable.push (node:internal/streams/readable:245:10)
2025-05-09 20:45:08 error: uncaughtException: Access denied for user 'appsyncusr'@'localhost' (using password: YES)
Error: Access denied for user 'appsyncusr'@'localhost' (using password: YES)
    at Packet.asError (/Users/asadjalil/Documents/Office Work/Clients/Raquel De Lavandeyra/Event_Dashboard/node_modules/mysql2/lib/packets/packet.js:740:17)
    at ClientHandshake.execute (/Users/asadjalil/Documents/Office Work/Clients/Raquel De Lavandeyra/Event_Dashboard/node_modules/mysql2/lib/commands/command.js:29:26)
    at PoolConnection.handlePacket (/Users/asadjalil/Documents/Office Work/Clients/Raquel De Lavandeyra/Event_Dashboard/node_modules/mysql2/lib/base/connection.js:475:34)
    at PacketParser.onPacket (/Users/asadjalil/Documents/Office Work/Clients/Raquel De Lavandeyra/Event_Dashboard/node_modules/mysql2/lib/base/connection.js:93:12)
    at PacketParser.executeStart (/Users/asadjalil/Documents/Office Work/Clients/Raquel De Lavandeyra/Event_Dashboard/node_modules/mysql2/lib/packet_parser.js:75:16)
    at Socket.<anonymous> (/Users/asadjalil/Documents/Office Work/Clients/Raquel De Lavandeyra/Event_Dashboard/node_modules/mysql2/lib/base/connection.js:100:25)
    at Socket.emit (node:events:517:28)
    at addChunk (node:internal/streams/readable:335:12)
    at readableAddChunk (node:internal/streams/readable:308:9)
    at Readable.push (node:internal/streams/readable:245:10)
2025-05-09 20:48:30 error: uncaughtException: Access denied for user 'appsyncusr'@'localhost' (using password: YES)
Error: Access denied for user 'appsyncusr'@'localhost' (using password: YES)
    at Packet.asError (/Users/asadjalil/Documents/Office Work/Clients/Raquel De Lavandeyra/Event_Dashboard/node_modules/mysql2/lib/packets/packet.js:740:17)
    at ClientHandshake.execute (/Users/asadjalil/Documents/Office Work/Clients/Raquel De Lavandeyra/Event_Dashboard/node_modules/mysql2/lib/commands/command.js:29:26)
    at PoolConnection.handlePacket (/Users/asadjalil/Documents/Office Work/Clients/Raquel De Lavandeyra/Event_Dashboard/node_modules/mysql2/lib/base/connection.js:475:34)
    at PacketParser.onPacket (/Users/asadjalil/Documents/Office Work/Clients/Raquel De Lavandeyra/Event_Dashboard/node_modules/mysql2/lib/base/connection.js:93:12)
    at PacketParser.executeStart (/Users/asadjalil/Documents/Office Work/Clients/Raquel De Lavandeyra/Event_Dashboard/node_modules/mysql2/lib/packet_parser.js:75:16)
    at Socket.<anonymous> (/Users/asadjalil/Documents/Office Work/Clients/Raquel De Lavandeyra/Event_Dashboard/node_modules/mysql2/lib/base/connection.js:100:25)
    at Socket.emit (node:events:517:28)
    at addChunk (node:internal/streams/readable:335:12)
    at readableAddChunk (node:internal/streams/readable:308:9)
    at Readable.push (node:internal/streams/readable:245:10)
2025-05-09 20:48:33 error: uncaughtException: Access denied for user 'appsyncusr'@'localhost' (using password: YES)
Error: Access denied for user 'appsyncusr'@'localhost' (using password: YES)
    at Packet.asError (/Users/asadjalil/Documents/Office Work/Clients/Raquel De Lavandeyra/Event_Dashboard/node_modules/mysql2/lib/packets/packet.js:740:17)
    at ClientHandshake.execute (/Users/asadjalil/Documents/Office Work/Clients/Raquel De Lavandeyra/Event_Dashboard/node_modules/mysql2/lib/commands/command.js:29:26)
    at PoolConnection.handlePacket (/Users/asadjalil/Documents/Office Work/Clients/Raquel De Lavandeyra/Event_Dashboard/node_modules/mysql2/lib/base/connection.js:475:34)
    at PacketParser.onPacket (/Users/asadjalil/Documents/Office Work/Clients/Raquel De Lavandeyra/Event_Dashboard/node_modules/mysql2/lib/base/connection.js:93:12)
    at PacketParser.executeStart (/Users/asadjalil/Documents/Office Work/Clients/Raquel De Lavandeyra/Event_Dashboard/node_modules/mysql2/lib/packet_parser.js:75:16)
    at Socket.<anonymous> (/Users/asadjalil/Documents/Office Work/Clients/Raquel De Lavandeyra/Event_Dashboard/node_modules/mysql2/lib/base/connection.js:100:25)
    at Socket.emit (node:events:517:28)
    at addChunk (node:internal/streams/readable:335:12)
    at readableAddChunk (node:internal/streams/readable:308:9)
    at Readable.push (node:internal/streams/readable:245:10)
2025-05-09 20:48:51 error: uncaughtException: Access denied for user 'appsyncusr'@'localhost' (using password: YES)
Error: Access denied for user 'appsyncusr'@'localhost' (using password: YES)
    at Packet.asError (/Users/asadjalil/Documents/Office Work/Clients/Raquel De Lavandeyra/Event_Dashboard/node_modules/mysql2/lib/packets/packet.js:740:17)
    at ClientHandshake.execute (/Users/asadjalil/Documents/Office Work/Clients/Raquel De Lavandeyra/Event_Dashboard/node_modules/mysql2/lib/commands/command.js:29:26)
    at PoolConnection.handlePacket (/Users/asadjalil/Documents/Office Work/Clients/Raquel De Lavandeyra/Event_Dashboard/node_modules/mysql2/lib/base/connection.js:475:34)
    at PacketParser.onPacket (/Users/asadjalil/Documents/Office Work/Clients/Raquel De Lavandeyra/Event_Dashboard/node_modules/mysql2/lib/base/connection.js:93:12)
    at PacketParser.executeStart (/Users/asadjalil/Documents/Office Work/Clients/Raquel De Lavandeyra/Event_Dashboard/node_modules/mysql2/lib/packet_parser.js:75:16)
    at Socket.<anonymous> (/Users/asadjalil/Documents/Office Work/Clients/Raquel De Lavandeyra/Event_Dashboard/node_modules/mysql2/lib/base/connection.js:100:25)
    at Socket.emit (node:events:517:28)
    at addChunk (node:internal/streams/readable:335:12)
    at readableAddChunk (node:internal/streams/readable:308:9)
    at Readable.push (node:internal/streams/readable:245:10)
2025-05-09 20:48:51 error: uncaughtException: Access denied for user 'appsyncusr'@'localhost' (using password: YES)
Error: Access denied for user 'appsyncusr'@'localhost' (using password: YES)
    at Packet.asError (/Users/asadjalil/Documents/Office Work/Clients/Raquel De Lavandeyra/Event_Dashboard/node_modules/mysql2/lib/packets/packet.js:740:17)
    at ClientHandshake.execute (/Users/asadjalil/Documents/Office Work/Clients/Raquel De Lavandeyra/Event_Dashboard/node_modules/mysql2/lib/commands/command.js:29:26)
    at PoolConnection.handlePacket (/Users/asadjalil/Documents/Office Work/Clients/Raquel De Lavandeyra/Event_Dashboard/node_modules/mysql2/lib/base/connection.js:475:34)
    at PacketParser.onPacket (/Users/asadjalil/Documents/Office Work/Clients/Raquel De Lavandeyra/Event_Dashboard/node_modules/mysql2/lib/base/connection.js:93:12)
    at PacketParser.executeStart (/Users/asadjalil/Documents/Office Work/Clients/Raquel De Lavandeyra/Event_Dashboard/node_modules/mysql2/lib/packet_parser.js:75:16)
    at Socket.<anonymous> (/Users/asadjalil/Documents/Office Work/Clients/Raquel De Lavandeyra/Event_Dashboard/node_modules/mysql2/lib/base/connection.js:100:25)
    at Socket.emit (node:events:517:28)
    at addChunk (node:internal/streams/readable:335:12)
    at readableAddChunk (node:internal/streams/readable:308:9)
    at Readable.push (node:internal/streams/readable:245:10)
2025-05-09 20:49:43 error: uncaughtException: Access denied for user 'appsyncusr'@'localhost' (using password: YES)
Error: Access denied for user 'appsyncusr'@'localhost' (using password: YES)
    at Packet.asError (/Users/asadjalil/Documents/Office Work/Clients/Raquel De Lavandeyra/Event_Dashboard/node_modules/mysql2/lib/packets/packet.js:740:17)
    at ClientHandshake.execute (/Users/asadjalil/Documents/Office Work/Clients/Raquel De Lavandeyra/Event_Dashboard/node_modules/mysql2/lib/commands/command.js:29:26)
    at PoolConnection.handlePacket (/Users/asadjalil/Documents/Office Work/Clients/Raquel De Lavandeyra/Event_Dashboard/node_modules/mysql2/lib/base/connection.js:475:34)
    at PacketParser.onPacket (/Users/asadjalil/Documents/Office Work/Clients/Raquel De Lavandeyra/Event_Dashboard/node_modules/mysql2/lib/base/connection.js:93:12)
    at PacketParser.executeStart (/Users/asadjalil/Documents/Office Work/Clients/Raquel De Lavandeyra/Event_Dashboard/node_modules/mysql2/lib/packet_parser.js:75:16)
    at Socket.<anonymous> (/Users/asadjalil/Documents/Office Work/Clients/Raquel De Lavandeyra/Event_Dashboard/node_modules/mysql2/lib/base/connection.js:100:25)
    at Socket.emit (node:events:517:28)
    at addChunk (node:internal/streams/readable:335:12)
    at readableAddChunk (node:internal/streams/readable:308:9)
    at Readable.push (node:internal/streams/readable:245:10)
2025-05-09 20:49:43 error: uncaughtException: Access denied for user 'appsyncusr'@'localhost' (using password: YES)
Error: Access denied for user 'appsyncusr'@'localhost' (using password: YES)
    at Packet.asError (/Users/asadjalil/Documents/Office Work/Clients/Raquel De Lavandeyra/Event_Dashboard/node_modules/mysql2/lib/packets/packet.js:740:17)
    at ClientHandshake.execute (/Users/asadjalil/Documents/Office Work/Clients/Raquel De Lavandeyra/Event_Dashboard/node_modules/mysql2/lib/commands/command.js:29:26)
    at PoolConnection.handlePacket (/Users/asadjalil/Documents/Office Work/Clients/Raquel De Lavandeyra/Event_Dashboard/node_modules/mysql2/lib/base/connection.js:475:34)
    at PacketParser.onPacket (/Users/asadjalil/Documents/Office Work/Clients/Raquel De Lavandeyra/Event_Dashboard/node_modules/mysql2/lib/base/connection.js:93:12)
    at PacketParser.executeStart (/Users/asadjalil/Documents/Office Work/Clients/Raquel De Lavandeyra/Event_Dashboard/node_modules/mysql2/lib/packet_parser.js:75:16)
    at Socket.<anonymous> (/Users/asadjalil/Documents/Office Work/Clients/Raquel De Lavandeyra/Event_Dashboard/node_modules/mysql2/lib/base/connection.js:100:25)
    at Socket.emit (node:events:517:28)
    at addChunk (node:internal/streams/readable:335:12)
    at readableAddChunk (node:internal/streams/readable:308:9)
    at Readable.push (node:internal/streams/readable:245:10)
